2026-03-02 23:30:14,237 | INFO | op=add a=5.0 b=6.0 result=11.0
2026-03-02 23:30:36,436 | INFO | op=add a=5.0 b=6.0 result=11.0
2026-03-02 23:30:40,264 | INFO | op=add a=4.0 b=6.0 result=10.0
2026-03-02 23:30:43,887 | INFO | op=add a=8.0 b=9.0 result=17.0
2026-03-02 23:33:00,091 | INFO | op=div a=10.0 b=3.0 result=3.3333
2026-03-03 14:37:16,315 | INFO | op=abs_diff a=12.0 b=9.0 result=3.0
2026-03-03 15:07:59,555 | INFO | op=add a=0.0 b=5.0 result=5.0
2026-03-03 15:11:03,988 | INFO | op=add a=9.0 b=6.0 result=15.0
2026-03-03 15:11:07,632 | INFO | op=add a=4.0 b=9.0 result=13.0
2026-03-03 15:38:15,818 | INFO | op=add a=1.0 b=2.0 result=3.0
2026-03-03 15:38:15,852 | INFO | op=add a=1.0 b=2.0 result=3.0
2026-03-03 15:43:03,432 | INFO | op=add a=1.0 b=2.0 result=3.0
2026-03-03 15:43:03,447 | INFO | op=add a=1.0 b=2.0 result=3.0
2026-03-03 15:44:25,259 | INFO | op=add a=1.0 b=2.0 result=3.0
2026-03-03 15:44:25,285 | INFO | op=add a=1.0 b=2.0 result=3.0
2026-03-03 15:47:43,741 | INFO | op=add a=1.0 b=2.0 result=3.0
2026-03-03 15:47:43,763 | INFO | op=add a=1.0 b=2.0 result=3.0
2026-03-03 17:39:30,003 | INFO | op=add a=8.0 b=9.0 result=17.0
2026-03-03 17:39:35,999 | INFO | op=add a=12.0 b=9.0 result=21.0
2026-03-03 17:46:14,193 | INFO | op=sub a=9.0 b=5.0 result=4.0
2026-03-03 17:46:19,636 | INFO | op=add a=8.0 b=6.0 result=14.0
2026-03-03 17:46:23,843 | INFO | op=pow a=9.0 b=6.0 result=531441.0
2026-03-03 17:47:37,375 | INFO | op=percent a=12.0 b=90.0 result=13.3333
2026-03-03 18:06:08,391 | INFO | op=add a=8.0 b=9.0 result=17.0
2026-03-03 18:06:13,175 | INFO | op=add a=3.0 b=5.0 result=8.0
